  [1m[35m (241.7ms)[0m  [1m[35mCREATE DATABASE "todo_app_development" ENCODING = 'unicode'[0m
  [1m[35m (91.1ms)[0m  [1m[35mCREATE DATABASE "todo_app_test" ENCODING = 'unicode'[0m
Started GET "/" for 127.0.0.1 at 2021-10-24 12:43:11 -0600
Processing by Rails::WelcomeController#index as HTML
  Rendering /Users/andrewstarks/.rvm/gems/ruby-3.0.0/gems/railties-6.1.4.1/lib/rails/templates/rails/welcome/index.html.erb
  Rendered /Users/andrewstarks/.rvm/gems/ruby-3.0.0/gems/railties-6.1.4.1/lib/rails/templates/rails/welcome/index.html.erb (Duration: 8.8ms | Allocations: 522)
Completed 200 OK in 33ms (Views: 16.3ms | ActiveRecord: 0.0ms | Allocations: 4215)


Started GET "/" for 127.0.0.1 at 2021-10-24 12:48:51 -0600
Processing by TodosController#index as HTML
  Rendering layout layouts/application.html.erb
  Rendering todos/index.html.erb within layouts/application
  Rendered todos/index.html.erb within layouts/application (Duration: 1.4ms | Allocations: 277)
[Webpacker] Compiling...
[Webpacker] Compiled all packs in /Users/andrewstarks/Projects/kadince-coding-task/public/packs
[Webpacker] Hash: 6a06e1100c609ce6f34a
Version: webpack 4.46.0
Time: 6724ms
Built at: 10/24/2021 12:49:01 PM
                                     Asset       Size       Chunks                         Chunk Names
    js/application-e421b4aa3f716bebdab1.js    125 KiB  application  [emitted] [immutable]  application
js/application-e421b4aa3f716bebdab1.js.map    139 KiB  application  [emitted] [dev]        application
          js/index-8a4ed52aa99a4369fd0c.js   1.09 MiB        index  [emitted] [immutable]  index
      js/index-8a4ed52aa99a4369fd0c.js.map   1.26 MiB        index  [emitted] [dev]        index
                             manifest.json  661 bytes               [emitted]              
Entrypoint application = js/application-e421b4aa3f716bebdab1.js js/application-e421b4aa3f716bebdab1.js.map
Entrypoint index = js/index-8a4ed52aa99a4369fd0c.js js/index-8a4ed52aa99a4369fd0c.js.map
[./app/javascript/channels sync recursive _channel\.js$] ./app/javascript/channels sync _channel\.js$ 160 bytes {application} [built]
[./app/javascript/channels/index.js] 211 bytes {application} [built]
[./app/javascript/packs/application.js] 492 bytes {application} [built]
[./app/javascript/packs/index.jsx] 1.07 KiB {index} [built]
[./node_modules/webpack/buildin/module.js] (webpack)/buildin/module.js 552 bytes {application} [built]
    + 18 hidden modules

  Rendered layout layouts/application.html.erb (Duration: 10020.3ms | Allocations: 15309)
Completed 200 OK in 10042ms (Views: 10031.1ms | ActiveRecord: 0.0ms | Allocations: 18371)


Started GET "/" for 127.0.0.1 at 2021-10-24 12:54:12 -0600
Processing by TodosController#index as HTML
  Rendering layout layouts/application.html.erb
  Rendering todos/index.html.erb within layouts/application
  Rendered todos/index.html.erb within layouts/application (Duration: 1.1ms | Allocations: 37)
[Webpacker] Everything's up-to-date. Nothing to do
  Rendered layout layouts/application.html.erb (Duration: 27.8ms | Allocations: 3448)
Completed 200 OK in 33ms (Views: 30.2ms | ActiveRecord: 0.0ms | Allocations: 3926)


  [1m[35m (28.1ms)[0m  [1m[35mCREATE TABLE "schema_migrations" ("version" character varying NOT NULL PRIMARY KEY)[0m
  [1m[35m (4.9ms)[0m  [1m[35mCREATE TABLE "ar_internal_metadata" ("key" character varying NOT NULL PRIMARY KEY, "value" character varying, "created_at" timestamp(6) NOT NULL, "updated_at" timestamp(6) NOT NULL)[0m
  [1m[35m (1.0ms)[0m  [1m[34mSELECT pg_try_advisory_lock(8535192876944776140)[0m
  [1m[35m (1.1ms)[0m  [1m[34mSELECT "schema_migrations"."version" FROM "schema_migrations" ORDER BY "schema_migrations"."version" ASC[0m
Migrating to CreateTodos (20211024185517)
  [1m[36mTRANSACTION (0.2ms)[0m  [1m[35mBEGIN[0m
  [1m[35m (10.6ms)[0m  [1m[35mCREATE TABLE "todos" ("id" bigserial primary key, "title" character varying, "completed" boolean DEFAULT FALSE, "created_at" timestamp(6) NOT NULL, "updated_at" timestamp(6) NOT NULL)[0m
  [1m[36mActiveRecord::SchemaMigration Create (5.8ms)[0m  [1m[32mINSERT INTO "schema_migrations" ("version") VALUES ($1) RETURNING "version"[0m  [["version", "20211024185517"]]
  [1m[36mTRANSACTION (1.3ms)[0m  [1m[35mCOMMIT[0m
  [1m[36mActiveRecord::InternalMetadata Load (5.3ms)[0m  [1m[34mSELECT "ar_internal_metadata".* FROM "ar_internal_metadata" WHERE "ar_internal_metadata"."key" = $1 LIMIT $2[0m  [["key", "environment"], ["LIMIT", 1]]
  [1m[36mTRANSACTION (0.2ms)[0m  [1m[35mBEGIN[0m
  [1m[36mActiveRecord::InternalMetadata Create (2.4ms)[0m  [1m[32mINSERT INTO "ar_internal_metadata" ("key", "value", "created_at", "updated_at") VALUES ($1, $2, $3, $4) RETURNING "key"[0m  [["key", "environment"], ["value", "development"], ["created_at", "2021-10-24 18:56:05.836709"], ["updated_at", "2021-10-24 18:56:05.836709"]]
  [1m[36mTRANSACTION (0.4ms)[0m  [1m[35mCOMMIT[0m
  [1m[35m (0.4ms)[0m  [1m[34mSELECT pg_advisory_unlock(8535192876944776140)[0m
  [1m[35m (1.1ms)[0m  [1m[34mSELECT "schema_migrations"."version" FROM "schema_migrations" ORDER BY "schema_migrations"."version" ASC[0m
